<?xml version="1.0" encoding="UTF-8"?>
<!-- Generated by org.testng.reporters.JUnitXMLReporter -->
<testsuite hostname="Yamu" name="Chrome_Browser" tests="4" failures="0" timestamp="22 Sep 2021 14:48:41 GMT" time="20.505" errors="0">
  <testcase name="searchForFlights" time="2.343" classname="tests.BookAFlightTest"/>
  <testcase name="chooseLowestPricedAirline" time="0.72" classname="tests.BookAFlightTest"/>
  <testcase name="purchaseFlightTicket" time="3.665" classname="tests.BookAFlightTest"/>
  <testcase name="bookingConfirmed" time="0.105" classname="tests.BookAFlightTest"/>
</testsuite> <!-- Chrome_Browser -->
